
> sveltekit-starter@0.0.1 test:e2e /home/sylvain/dev/SRoll/sveltekit-starter
> playwright test

[WebServer] [33m[plugin rolldown:vite-resolve] Module "node:dns/promises" has been externalized for browser compatibility, imported by "/home/sylvain/dev/SRoll/sveltekit-starter/node_modules/.pnpm/@vinejs+vine@3.0.1/node_modules/@vinejs/vine/build/chunk-YXNUTVGP.js". See https://vite.dev/guide/troubleshooting.html#module-externalized-for-browser-compatibility for more details.[39m
[WebServer] [33m[plugin rolldown:vite-resolve] Module "node:dns/promises" has been externalized for browser compatibility, imported by "/home/sylvain/dev/SRoll/sveltekit-starter/node_modules/.pnpm/@vinejs+vine@3.0.1/node_modules/@vinejs/vine/build/chunk-YXNUTVGP.js". See https://vite.dev/guide/troubleshooting.html#module-externalized-for-browser-compatibility for more details.[39m

Running 11 tests using 4 workers

  ✓   2 src/routes/demo/playwright/page.svelte.e2e.ts:3:1 › has expected h1 (279ms)
  ✓   3 tests/smoke.e2e.ts:3:1 › home page renders with heading (316ms)
  ✓   1 src/routes/demo/posts/posts.e2e.ts:9:3 › Posts Page › renders the posts page and its headings (373ms)
  ✓   5 tests/smoke.e2e.ts:8:1 › nav brand link is visible (78ms)
  ✓   7 tests/smoke.e2e.ts:13:1 › desktop nav Home link is visible and clickable (110ms)
  ✓   8 tests/smoke.e2e.ts:22:1 › theme toggle button is present (104ms)
  ✘   4 src/routes/demo/posts/[id]/edit/edit.e2e.ts:5:3 › Edit Post Page › can navigate to edit page, modify a post, and save it (5.5s)
  ✘   6 src/routes/demo/posts/posts.e2e.ts:15:3 › Posts Page › can create a new post and it appears in the list (5.2s)
  ✘  10 src/routes/demo/posts/posts.e2e.ts:26:3 › Posts Page › shows validation errors for empty title (174ms)
  ✘   9 src/routes/demo/posts/[id]/edit/edit.e2e.ts:38:3 › Edit Post Page › shows validation errors when editing with invalid data (5.3s)
  ✘  11 src/routes/demo/posts/posts.e2e.ts:46:3 › Posts Page › can change post status from the list (5.3s)


  1) src/routes/demo/posts/[id]/edit/edit.e2e.ts:5:3 › Edit Post Page › can navigate to edit page, modify a post, and save it 

    Error: [2mexpect([22m[31mlocator[39m[2m).[22mtoContainText[2m([22m[32mexpected[39m[2m)[22m failed

    Locator: locator('.alert-success')
    Expected substring: [32m"Post created!"[39m
    Timeout: 5000ms
    Error: element(s) not found

    Call log:
    [2m  - Expect "toContainText" with timeout 5000ms[22m
    [2m  - waiting for locator('.alert-success')[22m


       at src/routes/demo/posts/e2e-utils.ts:12

      10 |   await page.locator('#create-status').selectOption(status);
      11 |   await page.getByRole('button', { name: 'Create Post' }).click();
    > 12 |   await expect(page.locator('.alert-success')).toContainText('Post created!');
         |                                                ^
      13 | }
      14 |
        at createPost (/home/sylvain/dev/SRoll/sveltekit-starter/src/routes/demo/posts/e2e-utils.ts:12:48)
        at /home/sylvain/dev/SRoll/sveltekit-starter/src/routes/demo/posts/[id]/edit/edit.e2e.ts:8:5

    Error Context: test-results/src-routes-demo-posts-[id]-1798a-e-modify-a-post-and-save-it/error-context.md

  2) src/routes/demo/posts/[id]/edit/edit.e2e.ts:38:3 › Edit Post Page › shows validation errors when editing with invalid data 

    Error: [2mexpect([22m[31mlocator[39m[2m).[22mtoContainText[2m([22m[32mexpected[39m[2m)[22m failed

    Locator: locator('.alert-success')
    Expected substring: [32m"Post created!"[39m
    Timeout: 5000ms
    Error: element(s) not found

    Call log:
    [2m  - Expect "toContainText" with timeout 5000ms[22m
    [2m  - waiting for locator('.alert-success')[22m


       at src/routes/demo/posts/e2e-utils.ts:12

      10 |   await page.locator('#create-status').selectOption(status);
      11 |   await page.getByRole('button', { name: 'Create Post' }).click();
    > 12 |   await expect(page.locator('.alert-success')).toContainText('Post created!');
         |                                                ^
      13 | }
      14 |
        at createPost (/home/sylvain/dev/SRoll/sveltekit-starter/src/routes/demo/posts/e2e-utils.ts:12:48)
        at /home/sylvain/dev/SRoll/sveltekit-starter/src/routes/demo/posts/[id]/edit/edit.e2e.ts:41:5

    Error Context: test-results/src-routes-demo-posts-[id]-e76e2-n-editing-with-invalid-data/error-context.md

  3) src/routes/demo/posts/posts.e2e.ts:15:3 › Posts Page › can create a new post and it appears in the list 

    Error: [2mexpect([22m[31mlocator[39m[2m).[22mtoContainText[2m([22m[32mexpected[39m[2m)[22m failed

    Locator: locator('.alert-success')
    Expected substring: [32m"Post created!"[39m
    Timeout: 5000ms
    Error: element(s) not found

    Call log:
    [2m  - Expect "toContainText" with timeout 5000ms[22m
    [2m  - waiting for locator('.alert-success')[22m


       at src/routes/demo/posts/e2e-utils.ts:12

      10 |   await page.locator('#create-status').selectOption(status);
      11 |   await page.getByRole('button', { name: 'Create Post' }).click();
    > 12 |   await expect(page.locator('.alert-success')).toContainText('Post created!');
         |                                                ^
      13 | }
      14 |
        at createPost (/home/sylvain/dev/SRoll/sveltekit-starter/src/routes/demo/posts/e2e-utils.ts:12:48)
        at /home/sylvain/dev/SRoll/sveltekit-starter/src/routes/demo/posts/posts.e2e.ts:17:5

    Error Context: test-results/src-routes-demo-posts-post-c69d4--and-it-appears-in-the-list/error-context.md

  4) src/routes/demo/posts/posts.e2e.ts:26:3 › Posts Page › shows validation errors for empty title 

    Error: [2mexpect([22m[31mreceived[39m[2m).[22mtoBe[2m([22m[32mexpected[39m[2m) // Object.is equality[22m

    Expected: [32mfalse[39m
    Received: [31mtrue[39m

      31 |     // Check HTML5 validation first since Superforms adds `required`
      32 |     const isTitleValid = await page.locator('#create-title').evaluate((el: HTMLInputElement) => el.validity.valid);
    > 33 |     expect(isTitleValid).toBe(false);
         |                          ^
      34 |
      35 |     // Bypass HTML5 validation to test SvelteKit Superforms server/client custom validation
      36 |     await page.locator('#create-title').evaluate((el: HTMLInputElement) => el.removeAttribute('required'));
        at /home/sylvain/dev/SRoll/sveltekit-starter/src/routes/demo/posts/posts.e2e.ts:33:26

    Error Context: test-results/src-routes-demo-posts-post-009c4-tion-errors-for-empty-title/error-context.md

  5) src/routes/demo/posts/posts.e2e.ts:46:3 › Posts Page › can change post status from the list ───

    Error: [2mexpect([22m[31mlocator[39m[2m).[22mtoContainText[2m([22m[32mexpected[39m[2m)[22m failed

    Locator: locator('.alert-success')
    Expected substring: [32m"Post created!"[39m
    Timeout: 5000ms
    Error: element(s) not found

    Call log:
    [2m  - Expect "toContainText" with timeout 5000ms[22m
    [2m  - waiting for locator('.alert-success')[22m


       at src/routes/demo/posts/e2e-utils.ts:12

      10 |   await page.locator('#create-status').selectOption(status);
      11 |   await page.getByRole('button', { name: 'Create Post' }).click();
    > 12 |   await expect(page.locator('.alert-success')).toContainText('Post created!');
         |                                                ^
      13 | }
      14 |
        at createPost (/home/sylvain/dev/SRoll/sveltekit-starter/src/routes/demo/posts/e2e-utils.ts:12:48)
        at /home/sylvain/dev/SRoll/sveltekit-starter/src/routes/demo/posts/posts.e2e.ts:50:5

    Error Context: test-results/src-routes-demo-posts-post-cc068-e-post-status-from-the-list/error-context.md

  5 failed
    src/routes/demo/posts/[id]/edit/edit.e2e.ts:5:3 › Edit Post Page › can navigate to edit page, modify a post, and save it 
    src/routes/demo/posts/[id]/edit/edit.e2e.ts:38:3 › Edit Post Page › shows validation errors when editing with invalid data 
    src/routes/demo/posts/posts.e2e.ts:15:3 › Posts Page › can create a new post and it appears in the list 
    src/routes/demo/posts/posts.e2e.ts:26:3 › Posts Page › shows validation errors for empty title ─
    src/routes/demo/posts/posts.e2e.ts:46:3 › Posts Page › can change post status from the list ────
  6 passed (16.1s)
 ELIFECYCLE  Command failed with exit code 1.
